This is pdfTeX, Version 3.14159265-2.6-1.40.20 (MiKTeX 2.9.7000 64-bit) (preloaded format=pdflatex 2019.3.28)  28 MAR 2019 14:09
entering extended mode
**./why.tex
(why.tex
LaTeX2e <2018-12-01>
("C:\Users\pbai\AppData\Local\Programs\MiKTeX 2.9\tex/latex/base\article.cls"
Document Class: article 2018/09/03 v1.4i Standard LaTeX document class
("C:\Users\pbai\AppData\Local\Programs\MiKTeX 2.9\tex/latex/base\size10.clo"
File: size10.clo 2018/09/03 v1.4i Standard LaTeX file (size option)
)
\c@part=\count80
\c@section=\count81
\c@subsection=\count82
\c@subsubsection=\count83
\c@paragraph=\count84
\c@subparagraph=\count85
\c@figure=\count86
\c@table=\count87
\abovecaptionskip=\skip41
\belowcaptionskip=\skip42
\bibindent=\dimen102
)
("C:\Users\pbai\AppData\Local\Programs\MiKTeX 2.9\tex/latex/base\inputenc.sty"
Package: inputenc 2018/08/11 v1.3c Input encoding file
\inpenc@prehook=\toks14
\inpenc@posthook=\toks15
)
("C:\Users\pbai\AppData\Local\Programs\MiKTeX 2.9\tex/latex/graphics\graphicx.s
ty"
Package: graphicx 2017/06/01 v1.1a Enhanced LaTeX Graphics (DPC,SPQR)

("C:\Users\pbai\AppData\Local\Programs\MiKTeX 2.9\tex/latex/graphics\keyval.sty
"
Package: keyval 2014/10/28 v1.15 key=value parser (DPC)
\KV@toks@=\toks16
)
("C:\Users\pbai\AppData\Local\Programs\MiKTeX 2.9\tex/latex/graphics\graphics.s
ty"
Package: graphics 2017/06/25 v1.2c Standard LaTeX Graphics (DPC,SPQR)

("C:\Users\pbai\AppData\Local\Programs\MiKTeX 2.9\tex/latex/graphics\trig.sty"
Package: trig 2016/01/03 v1.10 sin cos tan (DPC)
)
("C:\Users\pbai\AppData\Local\Programs\MiKTeX 2.9\tex/latex/graphics-cfg\graphi
cs.cfg"
File: graphics.cfg 2016/06/04 v1.11 sample graphics configuration
)
Package graphics Info: Driver file: pdftex.def on input line 99.

("C:\Users\pbai\AppData\Local\Programs\MiKTeX 2.9\tex/latex/graphics-def\pdftex
.def"
File: pdftex.def 2018/01/08 v1.0l Graphics/color driver for pdftex
))
\Gin@req@height=\dimen103
\Gin@req@width=\dimen104
) (why.aux)
\openout1 = `why.aux'.

LaTeX Font Info:    Checking defaults for OML/cmm/m/it on input line 8.
LaTeX Font Info:    ... okay on input line 8.
LaTeX Font Info:    Checking defaults for T1/cmr/m/n on input line 8.
LaTeX Font Info:    ... okay on input line 8.
LaTeX Font Info:    Checking defaults for OT1/cmr/m/n on input line 8.
LaTeX Font Info:    ... okay on input line 8.
LaTeX Font Info:    Checking defaults for OMS/cmsy/m/n on input line 8.
LaTeX Font Info:    ... okay on input line 8.
LaTeX Font Info:    Checking defaults for OMX/cmex/m/n on input line 8.
LaTeX Font Info:    ... okay on input line 8.
LaTeX Font Info:    Checking defaults for U/cmr/m/n on input line 8.
LaTeX Font Info:    ... okay on input line 8.

("C:\Users\pbai\AppData\Local\Programs\MiKTeX 2.9\tex/context/base/mkii\supp-pd
f.mkii"
[Loading MPS to PDF converter (version 2006.09.02).]
\scratchcounter=\count88
\scratchdimen=\dimen105
\scratchbox=\box27
\nofMPsegments=\count89
\nofMParguments=\count90
\everyMPshowfont=\toks17
\MPscratchCnt=\count91
\MPscratchDim=\dimen106
\MPnumerator=\count92
\makeMPintoPDFobject=\count93
\everyMPtoPDFconversion=\toks18
)
("C:\Users\pbai\AppData\Local\Programs\MiKTeX 2.9\tex/latex/oberdiek\epstopdf-b
ase.sty"
Package: epstopdf-base 2016/05/15 v2.6 Base part for package epstopdf

("C:\Users\pbai\AppData\Local\Programs\MiKTeX 2.9\tex/generic/oberdiek\infwarer
r.sty"
Package: infwarerr 2016/05/16 v1.4 Providing info/warning/error messages (HO)
)
("C:\Users\pbai\AppData\Local\Programs\MiKTeX 2.9\tex/latex/oberdiek\grfext.sty
"
Package: grfext 2016/05/16 v1.2 Manage graphics extensions (HO)

("C:\Users\pbai\AppData\Local\Programs\MiKTeX 2.9\tex/generic/oberdiek\kvdefine
keys.sty"
Package: kvdefinekeys 2016/05/16 v1.4 Define keys (HO)

("C:\Users\pbai\AppData\Local\Programs\MiKTeX 2.9\tex/generic/oberdiek\ltxcmds.
sty"
Package: ltxcmds 2016/05/16 v1.23 LaTeX kernel commands for general use (HO)
)))
("C:\Users\pbai\AppData\Local\Programs\MiKTeX 2.9\tex/latex/oberdiek\kvoptions.
sty"
Package: kvoptions 2016/05/16 v3.12 Key value format for package options (HO)

("C:\Users\pbai\AppData\Local\Programs\MiKTeX 2.9\tex/generic/oberdiek\kvsetkey
s.sty"
Package: kvsetkeys 2016/05/16 v1.17 Key value parser (HO)

("C:\Users\pbai\AppData\Local\Programs\MiKTeX 2.9\tex/generic/oberdiek\etexcmds
.sty"
Package: etexcmds 2016/05/16 v1.6 Avoid name clashes with e-TeX commands (HO)

("C:\Users\pbai\AppData\Local\Programs\MiKTeX 2.9\tex/generic/oberdiek\ifluatex
.sty"
Package: ifluatex 2016/05/16 v1.4 Provides the ifluatex switch (HO)
Package ifluatex Info: LuaTeX not detected.
))))
("C:\Users\pbai\AppData\Local\Programs\MiKTeX 2.9\tex/generic/oberdiek\pdftexcm
ds.sty"
Package: pdftexcmds 2018/09/10 v0.29 Utility functions of pdfTeX for LuaTeX (HO
)

("C:\Users\pbai\AppData\Local\Programs\MiKTeX 2.9\tex/generic/oberdiek\ifpdf.st
y"
Package: ifpdf 2018/09/07 v3.3 Provides the ifpdf switch
)
Package pdftexcmds Info: LuaTeX not detected.
Package pdftexcmds Info: \pdf@primitive is available.
Package pdftexcmds Info: \pdf@ifprimitive is available.
Package pdftexcmds Info: \pdfdraftmode found.
)
Package epstopdf-base Info: Redefining graphics rule for `.eps' on input line 4
38.
Package grfext Info: Graphics extension search list:
(grfext)             [.pdf,.png,.jpg,.mps,.jpeg,.jbig2,.jb2,.PDF,.PNG,.JPG,.JPE
G,.JBIG2,.JB2,.eps]
(grfext)             \AppendGraphicsExtensions on input line 456.
)
LaTeX Font Info:    External font `cmex10' loaded for size
(Font)              <12> on input line 10.
LaTeX Font Info:    External font `cmex10' loaded for size
(Font)              <8> on input line 10.
LaTeX Font Info:    External font `cmex10' loaded for size
(Font)              <6> on input line 10.
LaTeX Font Info:    External font `cmex10' loaded for size
(Font)              <7> on input line 15.
LaTeX Font Info:    External font `cmex10' loaded for size
(Font)              <5> on input line 15.

Underfull \hbox (badness 10000) in paragraph at lines 14--32

 []


Underfull \hbox (badness 10000) in paragraph at lines 14--32

 []


Underfull \hbox (badness 10000) in paragraph at lines 14--32

 []


Underfull \hbox (badness 10000) in paragraph at lines 34--36

 []


Underfull \hbox (badness 10000) in paragraph at lines 38--55

 []


Underfull \hbox (badness 10000) in paragraph at lines 38--55

 []


Underfull \hbox (badness 10000) in paragraph at lines 38--55

 []

[1

{C:/Users/pbai/AppData/Local/MiKTeX/2.9/pdftex/config/pdftex.map}] [2]
[3] (why.aux) ) 
Here is how much of TeX's memory you used:
 1446 strings out of 492945
 21684 string characters out of 3126696
 86209 words of memory out of 3000000
 5354 multiletter control sequences out of 15000+200000
 7280 words of font info for 26 fonts, out of 3000000 for 9000
 1141 hyphenation exceptions out of 8191
 41i,6n,25p,353b,189s stack positions out of 5000i,500n,10000p,200000b,50000s
<C:/Users/pbai/AppData/Local/Programs/MiKTeX 2.9/fonts/type1/pub
lic/amsfonts/cm/cmbx12.pfb><C:/Users/pbai/AppData/Local/Programs/MiKTeX 2.9/fon
ts/type1/public/amsfonts/cm/cmex10.pfb><C:/Users/pbai/AppData/Local/Programs/Mi
KTeX 2.9/fonts/type1/public/amsfonts/cm/cmmi10.pfb><C:/Users/pbai/AppData/Local
/Programs/MiKTeX 2.9/fonts/type1/public/amsfonts/cm/cmmi7.pfb><C:/Users/pbai/Ap
pData/Local/Programs/MiKTeX 2.9/fonts/type1/public/amsfonts/cm/cmr10.pfb><C:/Us
ers/pbai/AppData/Local/Programs/MiKTeX 2.9/fonts/type1/public/amsfonts/cm/cmr12
.pfb><C:/Users/pbai/AppData/Local/Programs/MiKTeX 2.9/fonts/type1/public/amsfon
ts/cm/cmr17.pfb><C:/Users/pbai/AppData/Local/Programs/MiKTeX 2.9/fonts/type1/pu
blic/amsfonts/cm/cmr7.pfb><C:/Users/pbai/AppData/Local/Programs/MiKTeX 2.9/font
s/type1/public/amsfonts/cm/cmsy10.pfb><C:/Users/pbai/AppData/Local/Programs/MiK
TeX 2.9/fonts/type1/public/amsfonts/cm/cmsy7.pfb>
Output written on why.pdf (3 pages, 111203 bytes).
PDF statistics:
 52 PDF objects out of 1000 (max. 8388607)
 0 named destinations out of 1000 (max. 500000)
 1 words of extra memory for PDF output out of 10000 (max. 10000000)

